This file contains any messages produced by compilers while
running configure, to aid debugging if configure makes a mistake.

It was created by configure, which was
generated by GNU Autoconf 2.61.  Invocation command line was

  $ ./configure 

## --------- ##
## Platform. ##
## --------- ##

hostname = gsp
uname -m = i686
uname -r = 2.6.32-42-generic
uname -s = Linux
uname -v = #1trisquel3 SMP Sat Aug 11 12:21:57 UTC 2012

/usr/bin/uname -p = unknown
/bin/uname -X     = unknown

/bin/arch              = unknown
/usr/bin/arch -k       = unknown
/usr/convex/getsysinfo = unknown
/usr/bin/hostinfo      = unknown
/bin/machine           = unknown
/usr/bin/oslevel       = unknown
/bin/universe          = unknown

PATH: /usr/local/sbin
PATH: /usr/local/bin
PATH: /usr/sbin
PATH: /usr/bin
PATH: /sbin
PATH: /bin
PATH: /usr/games


## ----------- ##
## Core tests. ##
## ----------- ##

configure:1733: checking for gcc
configure:1749: found /usr/bin/gcc
configure:1760: result: gcc
configure:1998: checking for C compiler version
configure:2005: gcc --version >&5
gcc (Ubuntu 4.4.3-4ubuntu5.1) 4.4.3
Copyright (C) 2009 Free Software Foundation, Inc.
This is free software; see the source for copying conditions.  There is NO
warranty; not even for MERCHANTABILITY or FITNESS FOR A PARTICULAR PURPOSE.

configure:2008: $? = 0
configure:2015: gcc -v >&5
Using built-in specs.
Target: i486-linux-gnu
Configured with: ../src/configure -v --with-pkgversion='Ubuntu 4.4.3-4ubuntu5.1' --with-bugurl=file:///usr/share/doc/gcc-4.4/README.Bugs --enable-languages=c,c++,fortran,objc,obj-c++ --prefix=/usr --enable-shared --enable-multiarch --enable-linker-build-id --with-system-zlib --libexecdir=/usr/lib --without-included-gettext --enable-threads=posix --with-gxx-include-dir=/usr/include/c++/4.4 --program-suffix=-4.4 --enable-nls --enable-clocale=gnu --enable-libstdcxx-debug --enable-plugin --enable-objc-gc --enable-targets=all --disable-werror --with-arch-32=i486 --with-tune=generic --enable-checking=release --build=i486-linux-gnu --host=i486-linux-gnu --target=i486-linux-gnu
Thread model: posix
gcc version 4.4.3 (Ubuntu 4.4.3-4ubuntu5.1) 
configure:2018: $? = 0
configure:2025: gcc -V >&5
gcc: '-V' option must have argument
configure:2028: $? = 1
configure:2051: checking for C compiler default output file name
configure:2078: gcc    conftest.c  >&5
configure:2081: $? = 0
configure:2119: result: a.out
configure:2136: checking whether the C compiler works
configure:2146: ./a.out
configure:2149: $? = 0
configure:2166: result: yes
configure:2173: checking whether we are cross compiling
configure:2175: result: no
configure:2178: checking for suffix of executables
configure:2185: gcc -o conftest    conftest.c  >&5
configure:2188: $? = 0
configure:2212: result: 
configure:2218: checking for suffix of object files
configure:2244: gcc -c   conftest.c >&5
configure:2247: $? = 0
configure:2270: result: o
configure:2274: checking whether we are using the GNU C compiler
configure:2303: gcc -c   conftest.c >&5
configure:2309: $? = 0
configure:2326: result: yes
configure:2331: checking whether gcc accepts -g
configure:2361: gcc -c -g  conftest.c >&5
configure:2367: $? = 0
configure:2466: result: yes
configure:2483: checking for gcc option to accept ISO C89
configure:2557: gcc  -c -g -O2  conftest.c >&5
configure:2563: $? = 0
configure:2586: result: none needed
configure:2648: checking build system type
configure:2666: result: i686-pc-linux-gnu
configure:2688: checking host system type
configure:2703: result: i686-pc-linux-gnu
configure:2732: checking how to run the C preprocessor
configure:2772: gcc -E  conftest.c
configure:2778: $? = 0
configure:2809: gcc -E  conftest.c
conftest.c:8:28: error: ac_nonexistent.h: No such file or directory
configure:2815: $? = 1
configure: failed program was:
| /* confdefs.h.  */
| #define PACKAGE_NAME ""
| #define PACKAGE_TARNAME ""
| #define PACKAGE_VERSION ""
| #define PACKAGE_STRING ""
| #define PACKAGE_BUGREPORT ""
| /* end confdefs.h.  */
| #include <ac_nonexistent.h>
configure:2848: result: gcc -E
configure:2877: gcc -E  conftest.c
configure:2883: $? = 0
configure:2914: gcc -E  conftest.c
conftest.c:8:28: error: ac_nonexistent.h: No such file or directory
configure:2920: $? = 1
configure: failed program was:
| /* confdefs.h.  */
| #define PACKAGE_NAME ""
| #define PACKAGE_TARNAME ""
| #define PACKAGE_VERSION ""
| #define PACKAGE_STRING ""
| #define PACKAGE_BUGREPORT ""
| /* end confdefs.h.  */
| #include <ac_nonexistent.h>
configure:2958: checking for grep that handles long lines and -e
configure:3032: result: /bin/grep
configure:3037: checking for egrep
configure:3115: result: /bin/grep -E
configure:3120: checking for ANSI C header files
configure:3150: gcc -c -g -O4 -Wall  conftest.c >&5
configure:3156: $? = 0
configure:3255: gcc -o conftest -g -O4 -Wall   conftest.c  >&5
configure:3258: $? = 0
configure:3264: ./conftest
configure:3267: $? = 0
configure:3284: result: yes
configure:3308: checking for sys/types.h
configure:3329: gcc -c -g -O4 -Wall  conftest.c >&5
configure:3335: $? = 0
configure:3351: result: yes
configure:3308: checking for sys/stat.h
configure:3329: gcc -c -g -O4 -Wall  conftest.c >&5
configure:3335: $? = 0
configure:3351: result: yes
configure:3308: checking for stdlib.h
configure:3329: gcc -c -g -O4 -Wall  conftest.c >&5
configure:3335: $? = 0
configure:3351: result: yes
configure:3308: checking for string.h
configure:3329: gcc -c -g -O4 -Wall  conftest.c >&5
configure:3335: $? = 0
configure:3351: result: yes
configure:3308: checking for memory.h
configure:3329: gcc -c -g -O4 -Wall  conftest.c >&5
configure:3335: $? = 0
configure:3351: result: yes
configure:3308: checking for strings.h
configure:3329: gcc -c -g -O4 -Wall  conftest.c >&5
configure:3335: $? = 0
configure:3351: result: yes
configure:3308: checking for inttypes.h
configure:3329: gcc -c -g -O4 -Wall  conftest.c >&5
configure:3335: $? = 0
configure:3351: result: yes
configure:3308: checking for stdint.h
configure:3329: gcc -c -g -O4 -Wall  conftest.c >&5
configure:3335: $? = 0
configure:3351: result: yes
configure:3308: checking for unistd.h
configure:3329: gcc -c -g -O4 -Wall  conftest.c >&5
configure:3335: $? = 0
configure:3351: result: yes
configure:3379: checking sched.h usability
configure:3396: gcc -c -g -O4 -Wall  conftest.c >&5
configure:3402: $? = 0
configure:3416: result: yes
configure:3420: checking sched.h presence
configure:3435: gcc -E  conftest.c
configure:3441: $? = 0
configure:3455: result: yes
configure:3483: checking for sched.h
configure:3491: result: yes
configure:3379: checking sys/mman.h usability
configure:3396: gcc -c -g -O4 -Wall  conftest.c >&5
configure:3402: $? = 0
configure:3416: result: yes
configure:3420: checking sys/mman.h presence
configure:3435: gcc -E  conftest.c
configure:3441: $? = 0
configure:3455: result: yes
configure:3483: checking for sys/mman.h
configure:3491: result: yes
configure:3505: checking for library containing socket
configure:3546: gcc -o conftest -g -O4 -Wall   conftest.c  >&5
configure:3552: $? = 0
configure:3580: result: none required
configure:3588: checking for library containing floor
configure:3629: gcc -o conftest -g -O4 -Wall   conftest.c  >&5
conftest.c:27: warning: conflicting types for built-in function 'floor'
/tmp/ccIbwD6Q.o: In function `main':
/home/gumdelli/Desktop/assolo-0.9a modified custom code/conftest.c:31: undefined reference to `floor'
collect2: ld returned 1 exit status
configure:3635: $? = 1
configure: failed program was:
| /* confdefs.h.  */
| #define PACKAGE_NAME ""
| #define PACKAGE_TARNAME ""
| #define PACKAGE_VERSION ""
| #define PACKAGE_STRING ""
| #define PACKAGE_BUGREPORT ""
| #define STDC_HEADERS 1
| #define HAVE_SYS_TYPES_H 1
| #define HAVE_SYS_STAT_H 1
| #define HAVE_STDLIB_H 1
| #define HAVE_STRING_H 1
| #define HAVE_MEMORY_H 1
| #define HAVE_STRINGS_H 1
| #define HAVE_INTTYPES_H 1
| #define HAVE_STDINT_H 1
| #define HAVE_UNISTD_H 1
| #define HAVE_SCHED_H 1
| #define HAVE_SYS_MMAN_H 1
| /* end confdefs.h.  */
| 
| /* Override any GCC internal prototype to avoid an error.
|    Use char because int might match the return type of a GCC
|    builtin and then its argument prototype would still apply.  */
| #ifdef __cplusplus
| extern "C"
| #endif
| char floor ();
| int
| main ()
| {
| return floor ();
|   ;
|   return 0;
| }
configure:3629: gcc -o conftest -g -O4 -Wall   conftest.c -lm   >&5
conftest.c:27: warning: conflicting types for built-in function 'floor'
configure:3635: $? = 0
configure:3663: result: -lm
configure:3671: checking for library containing sched_setscheduler
configure:3712: gcc -o conftest -g -O4 -Wall   conftest.c -lm  >&5
configure:3718: $? = 0
configure:3746: result: none required
configure:3754: checking for library containing gethostbyname
configure:3795: gcc -o conftest -g -O4 -Wall   conftest.c -lm  >&5
configure:3801: $? = 0
configure:3829: result: none required
configure:3916: gcc -c -g -O4 -Wall  conftest.c >&5
conftest.c: In function 'main':
conftest.c:26: warning: implicit declaration of function 'foo'
configure:3922: $? = 0
configure:4090: creating ./config.status

## ---------------------- ##
## Running config.status. ##
## ---------------------- ##

This file was extended by config.status, which was
generated by GNU Autoconf 2.61.  Invocation command line was

  CONFIG_FILES    = 
  CONFIG_HEADERS  = 
  CONFIG_LINKS    = 
  CONFIG_COMMANDS = 
  $ ./config.status 

on gsp

config.status:599: creating Makefile
config.status:599: creating config.h

## ---------------- ##
## Cache variables. ##
## ---------------- ##

ac_cv_build=i686-pc-linux-gnu
ac_cv_c_compiler_gnu=yes
ac_cv_env_CC_set=
ac_cv_env_CC_value=
ac_cv_env_CFLAGS_set=
ac_cv_env_CFLAGS_value=
ac_cv_env_CPPFLAGS_set=
ac_cv_env_CPPFLAGS_value=
ac_cv_env_CPP_set=
ac_cv_env_CPP_value=
ac_cv_env_LDFLAGS_set=
ac_cv_env_LDFLAGS_value=
ac_cv_env_LIBS_set=
ac_cv_env_LIBS_value=
ac_cv_env_build_alias_set=
ac_cv_env_build_alias_value=
ac_cv_env_host_alias_set=
ac_cv_env_host_alias_value=
ac_cv_env_target_alias_set=
ac_cv_env_target_alias_value=
ac_cv_header_inttypes_h=yes
ac_cv_header_memory_h=yes
ac_cv_header_sched_h=yes
ac_cv_header_stdc=yes
ac_cv_header_stdint_h=yes
ac_cv_header_stdlib_h=yes
ac_cv_header_string_h=yes
ac_cv_header_strings_h=yes
ac_cv_header_sys_mman_h=yes
ac_cv_header_sys_stat_h=yes
ac_cv_header_sys_types_h=yes
ac_cv_header_unistd_h=yes
ac_cv_host=i686-pc-linux-gnu
ac_cv_objext=o
ac_cv_path_EGREP='/bin/grep -E'
ac_cv_path_GREP=/bin/grep
ac_cv_prog_CPP='gcc -E'
ac_cv_prog_ac_ct_CC=gcc
ac_cv_prog_cc_c89=
ac_cv_prog_cc_g=yes
ac_cv_search_floor=-lm
ac_cv_search_gethostbyname='none required'
ac_cv_search_sched_setscheduler='none required'
ac_cv_search_socket='none required'

## ----------------- ##
## Output variables. ##
## ----------------- ##

CC='gcc'
CFLAGS='-g -O4 -Wall'
CPP='gcc -E'
CPPFLAGS=''
DEFS='-DHAVE_CONFIG_H'
ECHO_C=''
ECHO_N='-n'
ECHO_T=''
EGREP='/bin/grep -E'
EXEEXT=''
GREP='/bin/grep'
LDFLAGS=''
LIBOBJS=''
LIBS='-lm '
LTLIBOBJS=''
OBJEXT='o'
PACKAGE_BUGREPORT=''
PACKAGE_NAME=''
PACKAGE_STRING=''
PACKAGE_TARNAME=''
PACKAGE_VERSION=''
PATH_SEPARATOR=':'
SHELL='/bin/bash'
ac_ct_CC='gcc'
bindir='${exec_prefix}/bin'
build='i686-pc-linux-gnu'
build_alias=''
build_cpu='i686'
build_os='linux-gnu'
build_vendor='pc'
datadir='${datarootdir}'
datarootdir='${prefix}/share'
docdir='${datarootdir}/doc/${PACKAGE}'
dvidir='${docdir}'
exec_prefix='${prefix}'
host='i686-pc-linux-gnu'
host_alias=''
host_cpu='i686'
host_os='linux-gnu'
host_vendor='pc'
htmldir='${docdir}'
includedir='${prefix}/include'
infodir='${datarootdir}/info'
libdir='${exec_prefix}/lib'
libexecdir='${exec_prefix}/libexec'
localedir='${datarootdir}/locale'
localstatedir='${prefix}/var'
mandir='${datarootdir}/man'
oldincludedir='/usr/include'
pdfdir='${docdir}'
prefix='/usr/local'
program_transform_name='s,x,x,'
psdir='${docdir}'
sbindir='${exec_prefix}/sbin'
sharedstatedir='${prefix}/com'
sysconfdir='${prefix}/etc'
target_alias=''

## ----------- ##
## confdefs.h. ##
## ----------- ##

#define PACKAGE_NAME ""
#define PACKAGE_TARNAME ""
#define PACKAGE_VERSION ""
#define PACKAGE_STRING ""
#define PACKAGE_BUGREPORT ""
#define STDC_HEADERS 1
#define HAVE_SYS_TYPES_H 1
#define HAVE_SYS_STAT_H 1
#define HAVE_STDLIB_H 1
#define HAVE_STRING_H 1
#define HAVE_MEMORY_H 1
#define HAVE_STRINGS_H 1
#define HAVE_INTTYPES_H 1
#define HAVE_STDINT_H 1
#define HAVE_UNISTD_H 1
#define HAVE_SCHED_H 1
#define HAVE_SYS_MMAN_H 1
#define HAVE_IN_ADDR_T 1
#define HAVE_U_INT32_T 1
#define HAVE_TIMESTAMP_IOCTL 1

configure: exit 0
